[management][INFO] [2016-09-14 11:15:32] org.springframework.test.context.support.AbstractTestContextBootstrapper.getDefaultTestExecutionListenerClassNames(259) | Loaded default TestExecutionListener class names from location [META-INF/spring.factories]: [org.springframework.test.context.web.ServletTestExecutionListener, org.springframework.test.context.support.DirtiesContextBeforeModesTestExecutionListener, org.springframework.test.context.support.DependencyInjectionTestExecutionListener, org.springframework.test.context.support.DirtiesContextTestExecutionListener, org.springframework.test.context.transaction.TransactionalTestExecutionListener, org.springframework.test.context.jdbc.SqlScriptsTestExecutionListener]
[management][INFO] [2016-09-14 11:15:32] org.springframework.test.context.support.AbstractTestContextBootstrapper.getTestExecutionListeners(185) | Using TestExecutionListeners: [org.springframework.test.context.web.ServletTestExecutionListener@44319bc6, org.springframework.test.context.support.DirtiesContextBeforeModesTestExecutionListener@14ea0724, org.springframework.test.context.support.DependencyInjectionTestExecutionListener@107ad736, org.springframework.test.context.support.DirtiesContextTestExecutionListener@70c722ad, org.springframework.test.context.transaction.TransactionalTestExecutionListener@21b5c5b3, org.springframework.test.context.jdbc.SqlScriptsTestExecutionListener@24c67c0f]
[management][INFO] [2016-09-14 11:15:32] org.springframework.beans.factory.xml.XmlBeanDefinitionReader.loadBeanDefinitions(317) | Loading XML bean definitions from class path resource [spring-mvc.xml]
[management][INFO] [2016-09-14 11:15:32] org.springframework.beans.factory.xml.XmlBeanDefinitionReader.loadBeanDefinitions(317) | Loading XML bean definitions from class path resource [spring-mybatis.xml]
[management][INFO] [2016-09-14 11:15:32] org.springframework.beans.factory.xml.XmlBeanDefinitionReader.loadBeanDefinitions(317) | Loading XML bean definitions from class path resource [spring.xml]
[management][INFO] [2016-09-14 11:15:32] org.springframework.context.support.AbstractApplicationContext.prepareRefresh(573) | Refreshing org.springframework.context.support.GenericApplicationContext@1df06863: startup date [Wed Sep 14 11:15:32 CST 2016]; root of context hierarchy
[management][INFO] [2016-09-14 11:15:33] org.springframework.core.io.support.PropertiesLoaderSupport.loadProperties(172) | Loading properties file from file [D:\program\workspace\NightRead\management-parent\management-web\target\classes\config.properties]
[management][INFO] [2016-09-14 11:15:33] org.springframework.core.io.support.PropertiesLoaderSupport.loadProperties(172) | Loading properties file from file [D:\program\workspace\NightRead\management-parent\management-web\target\classes\log4j.properties]
[management][INFO] [2016-09-14 11:15:33] org.springframework.core.io.support.PropertiesLoaderSupport.loadProperties(172) | Loading properties file from file [D:\program\workspace\NightRead\management-parent\management-web\target\classes\mysql.properties]
[management][INFO] [2016-09-14 11:15:33] org.springframework.core.io.support.PropertiesLoaderSupport.loadProperties(172) | Loading properties file from file [D:\program\eclipse-nr\configuration\org.eclipse.osgi\362\0\.cp\plugin.properties]
[management][INFO] [2016-09-14 11:15:33] org.springframework.core.io.support.PropertiesLoaderSupport.loadProperties(172) | Loading properties file from file [D:\program\eclipse-nr\configuration\org.eclipse.osgi\361\0\.cp\plugin.properties]
[management][ERROR] [2016-09-14 11:15:33] com.alibaba.druid.pool.DruidAbstractDataSource.setMaxIdle(935) | maxIdle is deprecated
[management][INFO] [2016-09-14 11:15:33] com.alibaba.druid.pool.DruidDataSource.init(669) | {dataSource-1} inited
[management][INFO] [2016-09-14 11:15:34] org.springframework.core.io.support.PropertiesLoaderSupport.loadProperties(172) | Loading properties file from class path resource [config.properties]
[management][WARN] [2016-09-14 11:15:34] org.springframework.context.support.AbstractApplicationContext.refresh(544) | Exception encountered during context initialization - cancelling refresh attempt
org.springframework.beans.factory.BeanCreationException: Error creating bean with name 'masterService': Injection of autowired dependencies failed; nested exception is org.springframework.beans.factory.BeanCreationException: Could not autowire field: private com.rd.management.service.dao.admin.MasterDao com.rd.management.service.impl.admin.MasterSerivceImpl.masterDao; nested exception is org.springframework.beans.factory.NoSuchBeanDefinitionException: No qualifying bean of type [com.rd.management.service.dao.admin.MasterDao] found for dependency: expected at least 1 bean which qualifies as autowire candidate for this dependency. Dependency annotations: {@org.springframework.beans.factory.annotation.Autowired(required=true)}
	at org.springframework.beans.factory.annotation.AutowiredAnnotationBeanPostProcessor.postProcessPropertyValues(AutowiredAnnotationBeanPostProcessor.java:334)
	at org.springframework.beans.factory.support.AbstractAutowireCapableBeanFactory.populateBean(AbstractAutowireCapableBeanFactory.java:1214)
	at org.springframework.beans.factory.support.AbstractAutowireCapableBeanFactory.doCreateBean(AbstractAutowireCapableBeanFactory.java:543)
	at org.springframework.beans.factory.support.AbstractAutowireCapableBeanFactory.createBean(AbstractAutowireCapableBeanFactory.java:482)
	at org.springframework.beans.factory.support.AbstractBeanFactory$1.getObject(AbstractBeanFactory.java:305)
	at org.springframework.beans.factory.support.DefaultSingletonBeanRegistry.getSingleton(DefaultSingletonBeanRegistry.java:230)
	at org.springframework.beans.factory.support.AbstractBeanFactory.doGetBean(AbstractBeanFactory.java:301)
	at org.springframework.beans.factory.support.AbstractBeanFactory.getBean(AbstractBeanFactory.java:196)
	at org.springframework.beans.factory.support.DefaultListableBeanFactory.preInstantiateSingletons(DefaultListableBeanFactory.java:772)
	at org.springframework.context.support.AbstractApplicationContext.finishBeanFactoryInitialization(AbstractApplicationContext.java:834)
	at org.springframework.context.support.AbstractApplicationContext.refresh(AbstractApplicationContext.java:537)
	at org.springframework.test.context.support.AbstractGenericContextLoader.loadContext(AbstractGenericContextLoader.java:125)
	at org.springframework.test.context.support.AbstractGenericContextLoader.loadContext(AbstractGenericContextLoader.java:60)
	at org.springframework.test.context.support.AbstractDelegatingSmartContextLoader.delegateLoading(AbstractDelegatingSmartContextLoader.java:109)
	at org.springframework.test.context.support.AbstractDelegatingSmartContextLoader.loadContext(AbstractDelegatingSmartContextLoader.java:261)
	at org.springframework.test.context.cache.DefaultCacheAwareContextLoaderDelegate.loadContextInternal(DefaultCacheAwareContextLoaderDelegate.java:98)
	at org.springframework.test.context.cache.DefaultCacheAwareContextLoaderDelegate.loadContext(DefaultCacheAwareContextLoaderDelegate.java:116)
	at org.springframework.test.context.support.DefaultTestContext.getApplicationContext(DefaultTestContext.java:83)
	at org.springframework.test.context.support.DependencyInjectionTestExecutionListener.injectDependencies(DependencyInjectionTestExecutionListener.java:117)
	at org.springframework.test.context.support.DependencyInjectionTestExecutionListener.prepareTestInstance(DependencyInjectionTestExecutionListener.java:83)
	at org.springframework.test.context.TestContextManager.prepareTestInstance(TestContextManager.java:228)
	at org.springframework.test.context.junit4.SpringJUnit4ClassRunner.createTest(SpringJUnit4ClassRunner.java:217)
	at org.springframework.test.context.junit4.SpringJUnit4ClassRunner$1.runReflectiveCall(SpringJUnit4ClassRunner.java:276)
	at org.junit.internal.runners.model.ReflectiveCallable.run(ReflectiveCallable.java:12)
	at org.springframework.test.context.junit4.SpringJUnit4ClassRunner.methodBlock(SpringJUnit4ClassRunner.java:278)
	at org.springframework.test.context.junit4.SpringJUnit4ClassRunner.runChild(SpringJUnit4ClassRunner.java:236)
	at org.springframework.test.context.junit4.SpringJUnit4ClassRunner.runChild(SpringJUnit4ClassRunner.java:87)
	at org.junit.runners.ParentRunner$3.run(ParentRunner.java:290)
	at org.junit.runners.ParentRunner$1.schedule(ParentRunner.java:71)
	at org.junit.runners.ParentRunner.runChildren(ParentRunner.java:288)
	at org.junit.runners.ParentRunner.access$000(ParentRunner.java:58)
	at org.junit.runners.ParentRunner$2.evaluate(ParentRunner.java:268)
	at org.springframework.test.context.junit4.statements.RunBeforeTestClassCallbacks.evaluate(RunBeforeTestClassCallbacks.java:61)
	at org.springframework.test.context.junit4.statements.RunAfterTestClassCallbacks.evaluate(RunAfterTestClassCallbacks.java:70)
	at org.junit.runners.ParentRunner.run(ParentRunner.java:363)
	at org.springframework.test.context.junit4.SpringJUnit4ClassRunner.run(SpringJUnit4ClassRunner.java:180)
	at org.eclipse.jdt.internal.junit4.runner.JUnit4TestReference.run(JUnit4TestReference.java:50)
	at org.eclipse.jdt.internal.junit.runner.TestExecution.run(TestExecution.java:38)
	at org.eclipse.jdt.internal.junit.runner.RemoteTestRunner.runTests(RemoteTestRunner.java:459)
	at org.eclipse.jdt.internal.junit.runner.RemoteTestRunner.runTests(RemoteTestRunner.java:675)
	at org.eclipse.jdt.internal.junit.runner.RemoteTestRunner.run(RemoteTestRunner.java:382)
	at org.eclipse.jdt.internal.junit.runner.RemoteTestRunner.main(RemoteTestRunner.java:192)
Caused by: org.springframework.beans.factory.BeanCreationException: Could not autowire field: private com.rd.management.service.dao.admin.MasterDao com.rd.management.service.impl.admin.MasterSerivceImpl.masterDao; nested exception is org.springframework.beans.factory.NoSuchBeanDefinitionException: No qualifying bean of type [com.rd.management.service.dao.admin.MasterDao] found for dependency: expected at least 1 bean which qualifies as autowire candidate for this dependency. Dependency annotations: {@org.springframework.beans.factory.annotation.Autowired(required=true)}
	at org.springframework.beans.factory.annotation.AutowiredAnnotationBeanPostProcessor$AutowiredFieldElement.inject(AutowiredAnnotationBeanPostProcessor.java:571)
	at org.springframework.beans.factory.annotation.InjectionMetadata.inject(InjectionMetadata.java:88)
	at org.springframework.beans.factory.annotation.AutowiredAnnotationBeanPostProcessor.postProcessPropertyValues(AutowiredAnnotationBeanPostProcessor.java:331)
	... 41 more
Caused by: org.springframework.beans.factory.NoSuchBeanDefinitionException: No qualifying bean of type [com.rd.management.service.dao.admin.MasterDao] found for dependency: expected at least 1 bean which qualifies as autowire candidate for this dependency. Dependency annotations: {@org.springframework.beans.factory.annotation.Autowired(required=true)}
	at org.springframework.beans.factory.support.DefaultListableBeanFactory.raiseNoSuchBeanDefinitionException(DefaultListableBeanFactory.java:1326)
	at org.springframework.beans.factory.support.DefaultListableBeanFactory.doResolveDependency(DefaultListableBeanFactory.java:1072)
	at org.springframework.beans.factory.support.DefaultListableBeanFactory.resolveDependency(DefaultListableBeanFactory.java:967)
	at org.springframework.beans.factory.annotation.AutowiredAnnotationBeanPostProcessor$AutowiredFieldElement.inject(AutowiredAnnotationBeanPostProcessor.java:543)
	... 43 more
[management][INFO] [2016-09-14 11:15:34] com.alibaba.druid.pool.DruidDataSource.close(1385) | {dataSource-1} closed
[management][ERROR] [2016-09-14 11:15:34] org.springframework.test.context.TestContextManager.prepareTestInstance(231) | Caught exception while allowing TestExecutionListener [org.springframework.test.context.support.DependencyInjectionTestExecutionListener@107ad736] to prepare test instance [com.rd.management.test.daoTest@74f3b94e]
java.lang.IllegalStateException: Failed to load ApplicationContext
	at org.springframework.test.context.cache.DefaultCacheAwareContextLoaderDelegate.loadContext(DefaultCacheAwareContextLoaderDelegate.java:124)
	at org.springframework.test.context.support.DefaultTestContext.getApplicationContext(DefaultTestContext.java:83)
	at org.springframework.test.context.support.DependencyInjectionTestExecutionListener.injectDependencies(DependencyInjectionTestExecutionListener.java:117)
	at org.springframework.test.context.support.DependencyInjectionTestExecutionListener.prepareTestInstance(DependencyInjectionTestExecutionListener.java:83)
	at org.springframework.test.context.TestContextManager.prepareTestInstance(TestContextManager.java:228)
	at org.springframework.test.context.junit4.SpringJUnit4ClassRunner.createTest(SpringJUnit4ClassRunner.java:217)
	at org.springframework.test.context.junit4.SpringJUnit4ClassRunner$1.runReflectiveCall(SpringJUnit4ClassRunner.java:276)
	at org.junit.internal.runners.model.ReflectiveCallable.run(ReflectiveCallable.java:12)
	at org.springframework.test.context.junit4.SpringJUnit4ClassRunner.methodBlock(SpringJUnit4ClassRunner.java:278)
	at org.springframework.test.context.junit4.SpringJUnit4ClassRunner.runChild(SpringJUnit4ClassRunner.java:236)
	at org.springframework.test.context.junit4.SpringJUnit4ClassRunner.runChild(SpringJUnit4ClassRunner.java:87)
	at org.junit.runners.ParentRunner$3.run(ParentRunner.java:290)
	at org.junit.runners.ParentRunner$1.schedule(ParentRunner.java:71)
	at org.junit.runners.ParentRunner.runChildren(ParentRunner.java:288)
	at org.junit.runners.ParentRunner.access$000(ParentRunner.java:58)
	at org.junit.runners.ParentRunner$2.evaluate(ParentRunner.java:268)
	at org.springframework.test.context.junit4.statements.RunBeforeTestClassCallbacks.evaluate(RunBeforeTestClassCallbacks.java:61)
	at org.springframework.test.context.junit4.statements.RunAfterTestClassCallbacks.evaluate(RunAfterTestClassCallbacks.java:70)
	at org.junit.runners.ParentRunner.run(ParentRunner.java:363)
	at org.springframework.test.context.junit4.SpringJUnit4ClassRunner.run(SpringJUnit4ClassRunner.java:180)
	at org.eclipse.jdt.internal.junit4.runner.JUnit4TestReference.run(JUnit4TestReference.java:50)
	at org.eclipse.jdt.internal.junit.runner.TestExecution.run(TestExecution.java:38)
	at org.eclipse.jdt.internal.junit.runner.RemoteTestRunner.runTests(RemoteTestRunner.java:459)
	at org.eclipse.jdt.internal.junit.runner.RemoteTestRunner.runTests(RemoteTestRunner.java:675)
	at org.eclipse.jdt.internal.junit.runner.RemoteTestRunner.run(RemoteTestRunner.java:382)
	at org.eclipse.jdt.internal.junit.runner.RemoteTestRunner.main(RemoteTestRunner.java:192)
Caused by: org.springframework.beans.factory.BeanCreationException: Error creating bean with name 'masterService': Injection of autowired dependencies failed; nested exception is org.springframework.beans.factory.BeanCreationException: Could not autowire field: private com.rd.management.service.dao.admin.MasterDao com.rd.management.service.impl.admin.MasterSerivceImpl.masterDao; nested exception is org.springframework.beans.factory.NoSuchBeanDefinitionException: No qualifying bean of type [com.rd.management.service.dao.admin.MasterDao] found for dependency: expected at least 1 bean which qualifies as autowire candidate for this dependency. Dependency annotations: {@org.springframework.beans.factory.annotation.Autowired(required=true)}
	at org.springframework.beans.factory.annotation.AutowiredAnnotationBeanPostProcessor.postProcessPropertyValues(AutowiredAnnotationBeanPostProcessor.java:334)
	at org.springframework.beans.factory.support.AbstractAutowireCapableBeanFactory.populateBean(AbstractAutowireCapableBeanFactory.java:1214)
	at org.springframework.beans.factory.support.AbstractAutowireCapableBeanFactory.doCreateBean(AbstractAutowireCapableBeanFactory.java:543)
	at org.springframework.beans.factory.support.AbstractAutowireCapableBeanFactory.createBean(AbstractAutowireCapableBeanFactory.java:482)
	at org.springframework.beans.factory.support.AbstractBeanFactory$1.getObject(AbstractBeanFactory.java:305)
	at org.springframework.beans.factory.support.DefaultSingletonBeanRegistry.getSingleton(DefaultSingletonBeanRegistry.java:230)
	at org.springframework.beans.factory.support.AbstractBeanFactory.doGetBean(AbstractBeanFactory.java:301)
	at org.springframework.beans.factory.support.AbstractBeanFactory.getBean(AbstractBeanFactory.java:196)
	at org.springframework.beans.factory.support.DefaultListableBeanFactory.preInstantiateSingletons(DefaultListableBeanFactory.java:772)
	at org.springframework.context.support.AbstractApplicationContext.finishBeanFactoryInitialization(AbstractApplicationContext.java:834)
	at org.springframework.context.support.AbstractApplicationContext.refresh(AbstractApplicationContext.java:537)
	at org.springframework.test.context.support.AbstractGenericContextLoader.loadContext(AbstractGenericContextLoader.java:125)
	at org.springframework.test.context.support.AbstractGenericContextLoader.loadContext(AbstractGenericContextLoader.java:60)
	at org.springframework.test.context.support.AbstractDelegatingSmartContextLoader.delegateLoading(AbstractDelegatingSmartContextLoader.java:109)
	at org.springframework.test.context.support.AbstractDelegatingSmartContextLoader.loadContext(AbstractDelegatingSmartContextLoader.java:261)
	at org.springframework.test.context.cache.DefaultCacheAwareContextLoaderDelegate.loadContextInternal(DefaultCacheAwareContextLoaderDelegate.java:98)
	at org.springframework.test.context.cache.DefaultCacheAwareContextLoaderDelegate.loadContext(DefaultCacheAwareContextLoaderDelegate.java:116)
	... 25 more
Caused by: org.springframework.beans.factory.BeanCreationException: Could not autowire field: private com.rd.management.service.dao.admin.MasterDao com.rd.management.service.impl.admin.MasterSerivceImpl.masterDao; nested exception is org.springframework.beans.factory.NoSuchBeanDefinitionException: No qualifying bean of type [com.rd.management.service.dao.admin.MasterDao] found for dependency: expected at least 1 bean which qualifies as autowire candidate for this dependency. Dependency annotations: {@org.springframework.beans.factory.annotation.Autowired(required=true)}
	at org.springframework.beans.factory.annotation.AutowiredAnnotationBeanPostProcessor$AutowiredFieldElement.inject(AutowiredAnnotationBeanPostProcessor.java:571)
	at org.springframework.beans.factory.annotation.InjectionMetadata.inject(InjectionMetadata.java:88)
	at org.springframework.beans.factory.annotation.AutowiredAnnotationBeanPostProcessor.postProcessPropertyValues(AutowiredAnnotationBeanPostProcessor.java:331)
	... 41 more
Caused by: org.springframework.beans.factory.NoSuchBeanDefinitionException: No qualifying bean of type [com.rd.management.service.dao.admin.MasterDao] found for dependency: expected at least 1 bean which qualifies as autowire candidate for this dependency. Dependency annotations: {@org.springframework.beans.factory.annotation.Autowired(required=true)}
	at org.springframework.beans.factory.support.DefaultListableBeanFactory.raiseNoSuchBeanDefinitionException(DefaultListableBeanFactory.java:1326)
	at org.springframework.beans.factory.support.DefaultListableBeanFactory.doResolveDependency(DefaultListableBeanFactory.java:1072)
	at org.springframework.beans.factory.support.DefaultListableBeanFactory.resolveDependency(DefaultListableBeanFactory.java:967)
	at org.springframework.beans.factory.annotation.AutowiredAnnotationBeanPostProcessor$AutowiredFieldElement.inject(AutowiredAnnotationBeanPostProcessor.java:543)
	... 43 more
[management][INFO] [2016-09-14 11:20:36] org.springframework.test.context.support.AbstractTestContextBootstrapper.getDefaultTestExecutionListenerClassNames(259) | Loaded default TestExecutionListener class names from location [META-INF/spring.factories]: [org.springframework.test.context.web.ServletTestExecutionListener, org.springframework.test.context.support.DirtiesContextBeforeModesTestExecutionListener, org.springframework.test.context.support.DependencyInjectionTestExecutionListener, org.springframework.test.context.support.DirtiesContextTestExecutionListener, org.springframework.test.context.transaction.TransactionalTestExecutionListener, org.springframework.test.context.jdbc.SqlScriptsTestExecutionListener]
[management][INFO] [2016-09-14 11:20:36] org.springframework.test.context.support.AbstractTestContextBootstrapper.getTestExecutionListeners(185) | Using TestExecutionListeners: [org.springframework.test.context.web.ServletTestExecutionListener@44319bc6, org.springframework.test.context.support.DirtiesContextBeforeModesTestExecutionListener@14ea0724, org.springframework.test.context.support.DependencyInjectionTestExecutionListener@107ad736, org.springframework.test.context.support.DirtiesContextTestExecutionListener@70c722ad, org.springframework.test.context.transaction.TransactionalTestExecutionListener@21b5c5b3, org.springframework.test.context.jdbc.SqlScriptsTestExecutionListener@24c67c0f]
[management][INFO] [2016-09-14 11:20:36] org.springframework.beans.factory.xml.XmlBeanDefinitionReader.loadBeanDefinitions(317) | Loading XML bean definitions from class path resource [spring-mvc.xml]
[management][INFO] [2016-09-14 11:20:36] org.springframework.beans.factory.xml.XmlBeanDefinitionReader.loadBeanDefinitions(317) | Loading XML bean definitions from class path resource [spring-mybatis.xml]
[management][ERROR] [2016-09-14 11:20:36] org.springframework.test.context.TestContextManager.prepareTestInstance(231) | Caught exception while allowing TestExecutionListener [org.springframework.test.context.support.DependencyInjectionTestExecutionListener@107ad736] to prepare test instance [com.rd.management.test.daoTest@74f3b94e]
java.lang.IllegalStateException: Failed to load ApplicationContext
	at org.springframework.test.context.cache.DefaultCacheAwareContextLoaderDelegate.loadContext(DefaultCacheAwareContextLoaderDelegate.java:124)
	at org.springframework.test.context.support.DefaultTestContext.getApplicationContext(DefaultTestContext.java:83)
	at org.springframework.test.context.support.DependencyInjectionTestExecutionListener.injectDependencies(DependencyInjectionTestExecutionListener.java:117)
	at org.springframework.test.context.support.DependencyInjectionTestExecutionListener.prepareTestInstance(DependencyInjectionTestExecutionListener.java:83)
	at org.springframework.test.context.TestContextManager.prepareTestInstance(TestContextManager.java:228)
	at org.springframework.test.context.junit4.SpringJUnit4ClassRunner.createTest(SpringJUnit4ClassRunner.java:217)
	at org.springframework.test.context.junit4.SpringJUnit4ClassRunner$1.runReflectiveCall(SpringJUnit4ClassRunner.java:276)
	at org.junit.internal.runners.model.ReflectiveCallable.run(ReflectiveCallable.java:12)
	at org.springframework.test.context.junit4.SpringJUnit4ClassRunner.methodBlock(SpringJUnit4ClassRunner.java:278)
	at org.springframework.test.context.junit4.SpringJUnit4ClassRunner.runChild(SpringJUnit4ClassRunner.java:236)
	at org.springframework.test.context.junit4.SpringJUnit4ClassRunner.runChild(SpringJUnit4ClassRunner.java:87)
	at org.junit.runners.ParentRunner$3.run(ParentRunner.java:290)
	at org.junit.runners.ParentRunner$1.schedule(ParentRunner.java:71)
	at org.junit.runners.ParentRunner.runChildren(ParentRunner.java:288)
	at org.junit.runners.ParentRunner.access$000(ParentRunner.java:58)
	at org.junit.runners.ParentRunner$2.evaluate(ParentRunner.java:268)
	at org.springframework.test.context.junit4.statements.RunBeforeTestClassCallbacks.evaluate(RunBeforeTestClassCallbacks.java:61)
	at org.springframework.test.context.junit4.statements.RunAfterTestClassCallbacks.evaluate(RunAfterTestClassCallbacks.java:70)
	at org.junit.runners.ParentRunner.run(ParentRunner.java:363)
	at org.springframework.test.context.junit4.SpringJUnit4ClassRunner.run(SpringJUnit4ClassRunner.java:180)
	at org.eclipse.jdt.internal.junit4.runner.JUnit4TestReference.run(JUnit4TestReference.java:50)
	at org.eclipse.jdt.internal.junit.runner.TestExecution.run(TestExecution.java:38)
	at org.eclipse.jdt.internal.junit.runner.RemoteTestRunner.runTests(RemoteTestRunner.java:459)
	at org.eclipse.jdt.internal.junit.runner.RemoteTestRunner.runTests(RemoteTestRunner.java:675)
	at org.eclipse.jdt.internal.junit.runner.RemoteTestRunner.run(RemoteTestRunner.java:382)
	at org.eclipse.jdt.internal.junit.runner.RemoteTestRunner.main(RemoteTestRunner.java:192)
Caused by: org.springframework.beans.factory.parsing.BeanDefinitionParsingException: Configuration problem: Unexpected failure during bean definition parsing
Offending resource: class path resource [spring-mybatis.xml]
Bean ''; nested exception is org.springframework.beans.factory.parsing.BeanDefinitionParsingException: Configuration problem: Multiple 'property' definitions for property 'basePackage'
Offending resource: class path resource [spring-mybatis.xml]
Bean ''
	-> Property 'basePackage'
	at org.springframework.beans.factory.parsing.FailFastProblemReporter.error(FailFastProblemReporter.java:70)
	at org.springframework.beans.factory.parsing.ReaderContext.error(ReaderContext.java:85)
	at org.springframework.beans.factory.xml.BeanDefinitionParserDelegate.error(BeanDefinitionParserDelegate.java:308)
	at org.springframework.beans.factory.xml.BeanDefinitionParserDelegate.parseBeanDefinitionElement(BeanDefinitionParserDelegate.java:562)
	at org.springframework.beans.factory.xml.BeanDefinitionParserDelegate.parseBeanDefinitionElement(BeanDefinitionParserDelegate.java:460)
	at org.springframework.beans.factory.xml.BeanDefinitionParserDelegate.parseBeanDefinitionElement(BeanDefinitionParserDelegate.java:429)
	at org.springframework.beans.factory.xml.DefaultBeanDefinitionDocumentReader.processBeanDefinition(DefaultBeanDefinitionDocumentReader.java:295)
	at org.springframework.beans.factory.xml.DefaultBeanDefinitionDocumentReader.parseDefaultElement(DefaultBeanDefinitionDocumentReader.java:186)
	at org.springframework.beans.factory.xml.DefaultBeanDefinitionDocumentReader.parseBeanDefinitions(DefaultBeanDefinitionDocumentReader.java:165)
	at org.springframework.beans.factory.xml.DefaultBeanDefinitionDocumentReader.doRegisterBeanDefinitions(DefaultBeanDefinitionDocumentReader.java:138)
	at org.springframework.beans.factory.xml.DefaultBeanDefinitionDocumentReader.registerBeanDefinitions(DefaultBeanDefinitionDocumentReader.java:94)
	at org.springframework.beans.factory.xml.XmlBeanDefinitionReader.registerBeanDefinitions(XmlBeanDefinitionReader.java:508)
	at org.springframework.beans.factory.xml.XmlBeanDefinitionReader.doLoadBeanDefinitions(XmlBeanDefinitionReader.java:392)
	at org.springframework.beans.factory.xml.XmlBeanDefinitionReader.loadBeanDefinitions(XmlBeanDefinitionReader.java:336)
	at org.springframework.beans.factory.xml.XmlBeanDefinitionReader.loadBeanDefinitions(XmlBeanDefinitionReader.java:304)
	at org.springframework.beans.factory.support.AbstractBeanDefinitionReader.loadBeanDefinitions(AbstractBeanDefinitionReader.java:181)
	at org.springframework.beans.factory.support.AbstractBeanDefinitionReader.loadBeanDefinitions(AbstractBeanDefinitionReader.java:217)
	at org.springframework.beans.factory.support.AbstractBeanDefinitionReader.loadBeanDefinitions(AbstractBeanDefinitionReader.java:188)
	at org.springframework.beans.factory.support.AbstractBeanDefinitionReader.loadBeanDefinitions(AbstractBeanDefinitionReader.java:252)
	at org.springframework.test.context.support.AbstractGenericContextLoader.loadBeanDefinitions(AbstractGenericContextLoader.java:253)
	at org.springframework.test.context.support.AbstractGenericContextLoader.loadContext(AbstractGenericContextLoader.java:122)
	at org.springframework.test.context.support.AbstractGenericContextLoader.loadContext(AbstractGenericContextLoader.java:60)
	at org.springframework.test.context.support.AbstractDelegatingSmartContextLoader.delegateLoading(AbstractDelegatingSmartContextLoader.java:109)
	at org.springframework.test.context.support.AbstractDelegatingSmartContextLoader.loadContext(AbstractDelegatingSmartContextLoader.java:261)
	at org.springframework.test.context.cache.DefaultCacheAwareContextLoaderDelegate.loadContextInternal(DefaultCacheAwareContextLoaderDelegate.java:98)
	at org.springframework.test.context.cache.DefaultCacheAwareContextLoaderDelegate.loadContext(DefaultCacheAwareContextLoaderDelegate.java:116)
	... 25 more
Caused by: org.springframework.beans.factory.parsing.BeanDefinitionParsingException: Configuration problem: Multiple 'property' definitions for property 'basePackage'
Offending resource: class path resource [spring-mybatis.xml]
Bean ''
	-> Property 'basePackage'
	at org.springframework.beans.factory.parsing.FailFastProblemReporter.error(FailFastProblemReporter.java:70)
	at org.springframework.beans.factory.parsing.ReaderContext.error(ReaderContext.java:85)
	at org.springframework.beans.factory.parsing.ReaderContext.error(ReaderContext.java:80)
	at org.springframework.beans.factory.xml.BeanDefinitionParserDelegate.error(BeanDefinitionParserDelegate.java:301)
	at org.springframework.beans.factory.xml.BeanDefinitionParserDelegate.parsePropertyElement(BeanDefinitionParserDelegate.java:891)
	at org.springframework.beans.factory.xml.BeanDefinitionParserDelegate.parsePropertyElements(BeanDefinitionParserDelegate.java:755)
	at org.springframework.beans.factory.xml.BeanDefinitionParserDelegate.parseBeanDefinitionElement(BeanDefinitionParserDelegate.java:547)
	... 47 more
[management][INFO] [2016-09-14 11:22:27] org.springframework.test.context.support.AbstractTestContextBootstrapper.getDefaultTestExecutionListenerClassNames(259) | Loaded default TestExecutionListener class names from location [META-INF/spring.factories]: [org.springframework.test.context.web.ServletTestExecutionListener, org.springframework.test.context.support.DirtiesContextBeforeModesTestExecutionListener, org.springframework.test.context.support.DependencyInjectionTestExecutionListener, org.springframework.test.context.support.DirtiesContextTestExecutionListener, org.springframework.test.context.transaction.TransactionalTestExecutionListener, org.springframework.test.context.jdbc.SqlScriptsTestExecutionListener]
[management][INFO] [2016-09-14 11:22:27] org.springframework.test.context.support.AbstractTestContextBootstrapper.getTestExecutionListeners(185) | Using TestExecutionListeners: [org.springframework.test.context.web.ServletTestExecutionListener@44319bc6, org.springframework.test.context.support.DirtiesContextBeforeModesTestExecutionListener@14ea0724, org.springframework.test.context.support.DependencyInjectionTestExecutionListener@107ad736, org.springframework.test.context.support.DirtiesContextTestExecutionListener@70c722ad, org.springframework.test.context.transaction.TransactionalTestExecutionListener@21b5c5b3, org.springframework.test.context.jdbc.SqlScriptsTestExecutionListener@24c67c0f]
[management][INFO] [2016-09-14 11:22:27] org.springframework.beans.factory.xml.XmlBeanDefinitionReader.loadBeanDefinitions(317) | Loading XML bean definitions from class path resource [spring-mvc.xml]
[management][INFO] [2016-09-14 11:22:27] org.springframework.beans.factory.xml.XmlBeanDefinitionReader.loadBeanDefinitions(317) | Loading XML bean definitions from class path resource [spring-mybatis.xml]
[management][INFO] [2016-09-14 11:22:27] org.springframework.beans.factory.xml.XmlBeanDefinitionReader.loadBeanDefinitions(317) | Loading XML bean definitions from class path resource [spring.xml]
[management][INFO] [2016-09-14 11:22:27] org.springframework.context.support.AbstractApplicationContext.prepareRefresh(573) | Refreshing org.springframework.context.support.GenericApplicationContext@1df06863: startup date [Wed Sep 14 11:22:27 CST 2016]; root of context hierarchy
[management][INFO] [2016-09-14 11:22:27] org.springframework.core.io.support.PropertiesLoaderSupport.loadProperties(172) | Loading properties file from file [D:\program\workspace\NightRead\management-parent\management-web\target\classes\config.properties]
[management][INFO] [2016-09-14 11:22:27] org.springframework.core.io.support.PropertiesLoaderSupport.loadProperties(172) | Loading properties file from file [D:\program\workspace\NightRead\management-parent\management-web\target\classes\log4j.properties]
[management][INFO] [2016-09-14 11:22:27] org.springframework.core.io.support.PropertiesLoaderSupport.loadProperties(172) | Loading properties file from file [D:\program\workspace\NightRead\management-parent\management-web\target\classes\mysql.properties]
[management][INFO] [2016-09-14 11:22:27] org.springframework.core.io.support.PropertiesLoaderSupport.loadProperties(172) | Loading properties file from file [D:\program\eclipse-nr\configuration\org.eclipse.osgi\362\0\.cp\plugin.properties]
[management][INFO] [2016-09-14 11:22:27] org.springframework.core.io.support.PropertiesLoaderSupport.loadProperties(172) | Loading properties file from file [D:\program\eclipse-nr\configuration\org.eclipse.osgi\361\0\.cp\plugin.properties]
[management][ERROR] [2016-09-14 11:22:28] com.alibaba.druid.pool.DruidAbstractDataSource.setMaxIdle(935) | maxIdle is deprecated
[management][INFO] [2016-09-14 11:22:28] com.alibaba.druid.pool.DruidDataSource.init(669) | {dataSource-1} inited
[management][INFO] [2016-09-14 11:22:28] org.springframework.core.io.support.PropertiesLoaderSupport.loadProperties(172) | Loading properties file from class path resource [config.properties]
[management][INFO] [2016-09-14 11:22:28] org.springframework.web.servlet.handler.AbstractHandlerMethodMapping$MappingRegistry.register(532) | Mapped "{[/user/inserUser]}" onto public org.springframework.web.servlet.ModelAndView com.rd.management.web.user.controller.UserAction.inserUser(javax.servlet.http.HttpServletRequest)
[management][INFO] [2016-09-14 11:22:28] org.springframework.web.servlet.handler.AbstractHandlerMethodMapping$MappingRegistry.register(532) | Mapped "{[/user/login]}" onto public org.springframework.web.servlet.ModelAndView com.rd.management.web.user.controller.UserAction.loginUser(javax.servlet.http.HttpServletRequest)
[management][INFO] [2016-09-14 11:22:28] org.springframework.web.servlet.handler.AbstractHandlerMethodMapping$MappingRegistry.register(532) | Mapped "{[/common/404]}" onto public org.springframework.web.servlet.ModelAndView com.rd.management.core.controller.CommonAction.inserUser(javax.servlet.http.HttpServletRequest)
[management][INFO] [2016-09-14 11:22:29] org.springframework.web.servlet.mvc.method.annotation.RequestMappingHandlerAdapter.initControllerAdviceCache(532) | Looking for @ControllerAdvice: org.springframework.context.support.GenericApplicationContext@1df06863: startup date [Wed Sep 14 11:22:27 CST 2016]; root of context hierarchy
[management][INFO] [2016-09-14 11:22:29] org.springframework.web.servlet.mvc.method.annotation.RequestMappingHandlerAdapter.initControllerAdviceCache(532) | Looking for @ControllerAdvice: org.springframework.context.support.GenericApplicationContext@1df06863: startup date [Wed Sep 14 11:22:27 CST 2016]; root of context hierarchy
[management][INFO] [2016-09-14 11:22:29] org.springframework.web.servlet.handler.AbstractUrlHandlerMapping.registerHandler(341) | Mapped URL path [/js/**] onto handler 'org.springframework.web.servlet.resource.ResourceHttpRequestHandler#0'
[management][INFO] [2016-09-14 11:22:29] org.springframework.web.servlet.handler.AbstractUrlHandlerMapping.registerHandler(341) | Mapped URL path [/css/**] onto handler 'org.springframework.web.servlet.resource.ResourceHttpRequestHandler#1'
[management][INFO] [2016-09-14 11:22:29] org.springframework.web.servlet.handler.AbstractUrlHandlerMapping.registerHandler(341) | Mapped URL path [/images/**] onto handler 'org.springframework.web.servlet.resource.ResourceHttpRequestHandler#2'
[management][INFO] [2016-09-14 11:22:29] org.springframework.web.servlet.handler.AbstractUrlHandlerMapping.registerHandler(341) | Mapped URL path [/fonts/**] onto handler 'org.springframework.web.servlet.resource.ResourceHttpRequestHandler#3'
[management][INFO] [2016-09-14 11:22:29] org.springframework.web.servlet.handler.AbstractUrlHandlerMapping.registerHandler(341) | Mapped URL path [/assets/**] onto handler 'org.springframework.web.servlet.resource.ResourceHttpRequestHandler#4'
[management][INFO] [2016-09-14 11:22:29] org.springframework.web.servlet.handler.AbstractUrlHandlerMapping.registerHandler(341) | Mapped URL path [/common/**] onto handler 'org.springframework.web.servlet.resource.ResourceHttpRequestHandler#5'
[management][INFO] [2016-09-14 11:22:30] org.springframework.context.support.AbstractApplicationContext.doClose(951) | Closing org.springframework.context.support.GenericApplicationContext@1df06863: startup date [Wed Sep 14 11:22:27 CST 2016]; root of context hierarchy
[management][INFO] [2016-09-14 11:22:30] com.alibaba.druid.pool.DruidDataSource.close(1385) | {dataSource-1} closed
[management][INFO] [2016-09-14 11:23:47] org.springframework.test.context.support.AbstractTestContextBootstrapper.getDefaultTestExecutionListenerClassNames(259) | Loaded default TestExecutionListener class names from location [META-INF/spring.factories]: [org.springframework.test.context.web.ServletTestExecutionListener, org.springframework.test.context.support.DirtiesContextBeforeModesTestExecutionListener, org.springframework.test.context.support.DependencyInjectionTestExecutionListener, org.springframework.test.context.support.DirtiesContextTestExecutionListener, org.springframework.test.context.transaction.TransactionalTestExecutionListener, org.springframework.test.context.jdbc.SqlScriptsTestExecutionListener]
[management][INFO] [2016-09-14 11:23:47] org.springframework.test.context.support.AbstractTestContextBootstrapper.getTestExecutionListeners(185) | Using TestExecutionListeners: [org.springframework.test.context.web.ServletTestExecutionListener@14ea0724, org.springframework.test.context.support.DirtiesContextBeforeModesTestExecutionListener@107ad736, org.springframework.test.context.support.DependencyInjectionTestExecutionListener@70c722ad, org.springframework.test.context.support.DirtiesContextTestExecutionListener@21b5c5b3, org.springframework.test.context.transaction.TransactionalTestExecutionListener@24c67c0f, org.springframework.test.context.jdbc.SqlScriptsTestExecutionListener@62facfa5]
[management][INFO] [2016-09-14 11:23:47] org.springframework.beans.factory.xml.XmlBeanDefinitionReader.loadBeanDefinitions(317) | Loading XML bean definitions from class path resource [spring-mvc.xml]
[management][INFO] [2016-09-14 11:23:48] org.springframework.beans.factory.xml.XmlBeanDefinitionReader.loadBeanDefinitions(317) | Loading XML bean definitions from class path resource [spring-mybatis.xml]
[management][INFO] [2016-09-14 11:23:48] org.springframework.beans.factory.xml.XmlBeanDefinitionReader.loadBeanDefinitions(317) | Loading XML bean definitions from class path resource [spring.xml]
[management][INFO] [2016-09-14 11:23:48] org.springframework.context.support.AbstractApplicationContext.prepareRefresh(573) | Refreshing org.springframework.context.support.GenericApplicationContext@12554af0: startup date [Wed Sep 14 11:23:48 CST 2016]; root of context hierarchy
[management][INFO] [2016-09-14 11:23:48] org.springframework.core.io.support.PropertiesLoaderSupport.loadProperties(172) | Loading properties file from file [D:\program\workspace\NightRead\management-parent\management-web\target\classes\config.properties]
[management][INFO] [2016-09-14 11:23:48] org.springframework.core.io.support.PropertiesLoaderSupport.loadProperties(172) | Loading properties file from file [D:\program\workspace\NightRead\management-parent\management-web\target\classes\log4j.properties]
[management][INFO] [2016-09-14 11:23:48] org.springframework.core.io.support.PropertiesLoaderSupport.loadProperties(172) | Loading properties file from file [D:\program\workspace\NightRead\management-parent\management-web\target\classes\mysql.properties]
[management][INFO] [2016-09-14 11:23:48] org.springframework.core.io.support.PropertiesLoaderSupport.loadProperties(172) | Loading properties file from file [D:\program\eclipse-nr\configuration\org.eclipse.osgi\362\0\.cp\plugin.properties]
[management][INFO] [2016-09-14 11:23:48] org.springframework.core.io.support.PropertiesLoaderSupport.loadProperties(172) | Loading properties file from file [D:\program\eclipse-nr\configuration\org.eclipse.osgi\361\0\.cp\plugin.properties]
[management][ERROR] [2016-09-14 11:23:48] com.alibaba.druid.pool.DruidAbstractDataSource.setMaxIdle(935) | maxIdle is deprecated
[management][INFO] [2016-09-14 11:23:48] com.alibaba.druid.pool.DruidDataSource.init(669) | {dataSource-1} inited
[management][INFO] [2016-09-14 11:23:49] org.springframework.core.io.support.PropertiesLoaderSupport.loadProperties(172) | Loading properties file from class path resource [config.properties]
[management][INFO] [2016-09-14 11:23:49] org.springframework.web.servlet.handler.AbstractHandlerMethodMapping$MappingRegistry.register(532) | Mapped "{[/user/inserUser]}" onto public org.springframework.web.servlet.ModelAndView com.rd.management.web.user.controller.UserAction.inserUser(javax.servlet.http.HttpServletRequest)
[management][INFO] [2016-09-14 11:23:49] org.springframework.web.servlet.handler.AbstractHandlerMethodMapping$MappingRegistry.register(532) | Mapped "{[/user/login]}" onto public org.springframework.web.servlet.ModelAndView com.rd.management.web.user.controller.UserAction.loginUser(javax.servlet.http.HttpServletRequest)
[management][INFO] [2016-09-14 11:23:49] org.springframework.web.servlet.handler.AbstractHandlerMethodMapping$MappingRegistry.register(532) | Mapped "{[/common/404]}" onto public org.springframework.web.servlet.ModelAndView com.rd.management.core.controller.CommonAction.inserUser(javax.servlet.http.HttpServletRequest)
[management][INFO] [2016-09-14 11:23:49] org.springframework.web.servlet.mvc.method.annotation.RequestMappingHandlerAdapter.initControllerAdviceCache(532) | Looking for @ControllerAdvice: org.springframework.context.support.GenericApplicationContext@12554af0: startup date [Wed Sep 14 11:23:48 CST 2016]; root of context hierarchy
[management][INFO] [2016-09-14 11:23:49] org.springframework.web.servlet.mvc.method.annotation.RequestMappingHandlerAdapter.initControllerAdviceCache(532) | Looking for @ControllerAdvice: org.springframework.context.support.GenericApplicationContext@12554af0: startup date [Wed Sep 14 11:23:48 CST 2016]; root of context hierarchy
[management][INFO] [2016-09-14 11:23:50] org.springframework.web.servlet.handler.AbstractUrlHandlerMapping.registerHandler(341) | Mapped URL path [/js/**] onto handler 'org.springframework.web.servlet.resource.ResourceHttpRequestHandler#0'
[management][INFO] [2016-09-14 11:23:50] org.springframework.web.servlet.handler.AbstractUrlHandlerMapping.registerHandler(341) | Mapped URL path [/css/**] onto handler 'org.springframework.web.servlet.resource.ResourceHttpRequestHandler#1'
[management][INFO] [2016-09-14 11:23:50] org.springframework.web.servlet.handler.AbstractUrlHandlerMapping.registerHandler(341) | Mapped URL path [/images/**] onto handler 'org.springframework.web.servlet.resource.ResourceHttpRequestHandler#2'
[management][INFO] [2016-09-14 11:23:50] org.springframework.web.servlet.handler.AbstractUrlHandlerMapping.registerHandler(341) | Mapped URL path [/fonts/**] onto handler 'org.springframework.web.servlet.resource.ResourceHttpRequestHandler#3'
[management][INFO] [2016-09-14 11:23:50] org.springframework.web.servlet.handler.AbstractUrlHandlerMapping.registerHandler(341) | Mapped URL path [/assets/**] onto handler 'org.springframework.web.servlet.resource.ResourceHttpRequestHandler#4'
[management][INFO] [2016-09-14 11:23:50] org.springframework.web.servlet.handler.AbstractUrlHandlerMapping.registerHandler(341) | Mapped URL path [/common/**] onto handler 'org.springframework.web.servlet.resource.ResourceHttpRequestHandler#5'
[management][INFO] [2016-09-14 11:23:50] org.springframework.context.support.AbstractApplicationContext.doClose(951) | Closing org.springframework.context.support.GenericApplicationContext@12554af0: startup date [Wed Sep 14 11:23:48 CST 2016]; root of context hierarchy
[management][INFO] [2016-09-14 11:23:50] com.alibaba.druid.pool.DruidDataSource.close(1385) | {dataSource-1} closed
[management][INFO] [2016-09-14 11:26:21] org.springframework.test.context.support.AbstractTestContextBootstrapper.getDefaultTestExecutionListenerClassNames(259) | Loaded default TestExecutionListener class names from location [META-INF/spring.factories]: [org.springframework.test.context.web.ServletTestExecutionListener, org.springframework.test.context.support.DirtiesContextBeforeModesTestExecutionListener, org.springframework.test.context.support.DependencyInjectionTestExecutionListener, org.springframework.test.context.support.DirtiesContextTestExecutionListener, org.springframework.test.context.transaction.TransactionalTestExecutionListener, org.springframework.test.context.jdbc.SqlScriptsTestExecutionListener]
[management][INFO] [2016-09-14 11:26:21] org.springframework.test.context.support.AbstractTestContextBootstrapper.getTestExecutionListeners(185) | Using TestExecutionListeners: [org.springframework.test.context.web.ServletTestExecutionListener@44319bc6, org.springframework.test.context.support.DirtiesContextBeforeModesTestExecutionListener@14ea0724, org.springframework.test.context.support.DependencyInjectionTestExecutionListener@107ad736, org.springframework.test.context.support.DirtiesContextTestExecutionListener@70c722ad, org.springframework.test.context.transaction.TransactionalTestExecutionListener@21b5c5b3, org.springframework.test.context.jdbc.SqlScriptsTestExecutionListener@24c67c0f]
[management][INFO] [2016-09-14 11:26:21] org.springframework.beans.factory.xml.XmlBeanDefinitionReader.loadBeanDefinitions(317) | Loading XML bean definitions from class path resource [spring-mvc.xml]
[management][INFO] [2016-09-14 11:26:21] org.springframework.beans.factory.xml.XmlBeanDefinitionReader.loadBeanDefinitions(317) | Loading XML bean definitions from class path resource [spring-mybatis.xml]
[management][INFO] [2016-09-14 11:26:21] org.springframework.beans.factory.xml.XmlBeanDefinitionReader.loadBeanDefinitions(317) | Loading XML bean definitions from class path resource [spring.xml]
[management][INFO] [2016-09-14 11:26:21] org.springframework.context.support.AbstractApplicationContext.prepareRefresh(573) | Refreshing org.springframework.context.support.GenericApplicationContext@1df06863: startup date [Wed Sep 14 11:26:21 CST 2016]; root of context hierarchy
[management][INFO] [2016-09-14 11:26:21] org.springframework.core.io.support.PropertiesLoaderSupport.loadProperties(172) | Loading properties file from file [D:\program\workspace\NightRead\management-parent\management-web\target\classes\config.properties]
[management][INFO] [2016-09-14 11:26:21] org.springframework.core.io.support.PropertiesLoaderSupport.loadProperties(172) | Loading properties file from file [D:\program\workspace\NightRead\management-parent\management-web\target\classes\log4j.properties]
[management][INFO] [2016-09-14 11:26:21] org.springframework.core.io.support.PropertiesLoaderSupport.loadProperties(172) | Loading properties file from file [D:\program\workspace\NightRead\management-parent\management-web\target\classes\mysql.properties]
[management][INFO] [2016-09-14 11:26:21] org.springframework.core.io.support.PropertiesLoaderSupport.loadProperties(172) | Loading properties file from file [D:\program\eclipse-nr\configuration\org.eclipse.osgi\362\0\.cp\plugin.properties]
[management][INFO] [2016-09-14 11:26:21] org.springframework.core.io.support.PropertiesLoaderSupport.loadProperties(172) | Loading properties file from file [D:\program\eclipse-nr\configuration\org.eclipse.osgi\361\0\.cp\plugin.properties]
[management][ERROR] [2016-09-14 11:26:22] com.alibaba.druid.pool.DruidAbstractDataSource.setMaxIdle(935) | maxIdle is deprecated
[management][INFO] [2016-09-14 11:26:22] com.alibaba.druid.pool.DruidDataSource.init(669) | {dataSource-1} inited
[management][INFO] [2016-09-14 11:26:22] org.springframework.core.io.support.PropertiesLoaderSupport.loadProperties(172) | Loading properties file from class path resource [config.properties]
[management][INFO] [2016-09-14 11:26:22] org.springframework.web.servlet.handler.AbstractHandlerMethodMapping$MappingRegistry.register(532) | Mapped "{[/user/inserUser]}" onto public org.springframework.web.servlet.ModelAndView com.rd.management.web.user.controller.UserAction.inserUser(javax.servlet.http.HttpServletRequest)
[management][INFO] [2016-09-14 11:26:22] org.springframework.web.servlet.handler.AbstractHandlerMethodMapping$MappingRegistry.register(532) | Mapped "{[/user/login]}" onto public org.springframework.web.servlet.ModelAndView com.rd.management.web.user.controller.UserAction.loginUser(javax.servlet.http.HttpServletRequest)
[management][INFO] [2016-09-14 11:26:22] org.springframework.web.servlet.handler.AbstractHandlerMethodMapping$MappingRegistry.register(532) | Mapped "{[/common/404]}" onto public org.springframework.web.servlet.ModelAndView com.rd.management.core.controller.CommonAction.inserUser(javax.servlet.http.HttpServletRequest)
[management][INFO] [2016-09-14 11:26:23] org.springframework.web.servlet.mvc.method.annotation.RequestMappingHandlerAdapter.initControllerAdviceCache(532) | Looking for @ControllerAdvice: org.springframework.context.support.GenericApplicationContext@1df06863: startup date [Wed Sep 14 11:26:21 CST 2016]; root of context hierarchy
[management][INFO] [2016-09-14 11:26:23] org.springframework.web.servlet.mvc.method.annotation.RequestMappingHandlerAdapter.initControllerAdviceCache(532) | Looking for @ControllerAdvice: org.springframework.context.support.GenericApplicationContext@1df06863: startup date [Wed Sep 14 11:26:21 CST 2016]; root of context hierarchy
[management][INFO] [2016-09-14 11:26:23] org.springframework.web.servlet.handler.AbstractUrlHandlerMapping.registerHandler(341) | Mapped URL path [/js/**] onto handler 'org.springframework.web.servlet.resource.ResourceHttpRequestHandler#0'
[management][INFO] [2016-09-14 11:26:23] org.springframework.web.servlet.handler.AbstractUrlHandlerMapping.registerHandler(341) | Mapped URL path [/css/**] onto handler 'org.springframework.web.servlet.resource.ResourceHttpRequestHandler#1'
[management][INFO] [2016-09-14 11:26:23] org.springframework.web.servlet.handler.AbstractUrlHandlerMapping.registerHandler(341) | Mapped URL path [/images/**] onto handler 'org.springframework.web.servlet.resource.ResourceHttpRequestHandler#2'
[management][INFO] [2016-09-14 11:26:23] org.springframework.web.servlet.handler.AbstractUrlHandlerMapping.registerHandler(341) | Mapped URL path [/fonts/**] onto handler 'org.springframework.web.servlet.resource.ResourceHttpRequestHandler#3'
[management][INFO] [2016-09-14 11:26:23] org.springframework.web.servlet.handler.AbstractUrlHandlerMapping.registerHandler(341) | Mapped URL path [/assets/**] onto handler 'org.springframework.web.servlet.resource.ResourceHttpRequestHandler#4'
[management][INFO] [2016-09-14 11:26:23] org.springframework.web.servlet.handler.AbstractUrlHandlerMapping.registerHandler(341) | Mapped URL path [/common/**] onto handler 'org.springframework.web.servlet.resource.ResourceHttpRequestHandler#5'
[management][INFO] [2016-09-14 11:26:23] org.springframework.context.support.AbstractApplicationContext.doClose(951) | Closing org.springframework.context.support.GenericApplicationContext@1df06863: startup date [Wed Sep 14 11:26:21 CST 2016]; root of context hierarchy
[management][INFO] [2016-09-14 11:26:23] com.alibaba.druid.pool.DruidDataSource.close(1385) | {dataSource-1} closed
[management][INFO] [2016-09-14 11:27:17] org.springframework.test.context.support.AbstractTestContextBootstrapper.getDefaultTestExecutionListenerClassNames(259) | Loaded default TestExecutionListener class names from location [META-INF/spring.factories]: [org.springframework.test.context.web.ServletTestExecutionListener, org.springframework.test.context.support.DirtiesContextBeforeModesTestExecutionListener, org.springframework.test.context.support.DependencyInjectionTestExecutionListener, org.springframework.test.context.support.DirtiesContextTestExecutionListener, org.springframework.test.context.transaction.TransactionalTestExecutionListener, org.springframework.test.context.jdbc.SqlScriptsTestExecutionListener]
[management][INFO] [2016-09-14 11:27:17] org.springframework.test.context.support.AbstractTestContextBootstrapper.getTestExecutionListeners(185) | Using TestExecutionListeners: [org.springframework.test.context.web.ServletTestExecutionListener@33af751c, org.springframework.test.context.support.DirtiesContextBeforeModesTestExecutionListener@44319bc6, org.springframework.test.context.support.DependencyInjectionTestExecutionListener@14ea0724, org.springframework.test.context.support.DirtiesContextTestExecutionListener@107ad736, org.springframework.test.context.transaction.TransactionalTestExecutionListener@70c722ad, org.springframework.test.context.jdbc.SqlScriptsTestExecutionListener@21b5c5b3]
[management][INFO] [2016-09-14 11:27:17] org.springframework.beans.factory.xml.XmlBeanDefinitionReader.loadBeanDefinitions(317) | Loading XML bean definitions from class path resource [spring-mvc.xml]
[management][INFO] [2016-09-14 11:27:17] org.springframework.beans.factory.xml.XmlBeanDefinitionReader.loadBeanDefinitions(317) | Loading XML bean definitions from class path resource [spring-mybatis.xml]
[management][INFO] [2016-09-14 11:27:17] org.springframework.beans.factory.xml.XmlBeanDefinitionReader.loadBeanDefinitions(317) | Loading XML bean definitions from class path resource [spring.xml]
[management][INFO] [2016-09-14 11:27:17] org.springframework.context.support.AbstractApplicationContext.prepareRefresh(573) | Refreshing org.springframework.context.support.GenericApplicationContext@580e781f: startup date [Wed Sep 14 11:27:17 CST 2016]; root of context hierarchy
[management][INFO] [2016-09-14 11:27:17] org.springframework.core.io.support.PropertiesLoaderSupport.loadProperties(172) | Loading properties file from file [D:\program\workspace\NightRead\management-parent\management-web\target\classes\config.properties]
[management][INFO] [2016-09-14 11:27:17] org.springframework.core.io.support.PropertiesLoaderSupport.loadProperties(172) | Loading properties file from file [D:\program\workspace\NightRead\management-parent\management-web\target\classes\log4j.properties]
[management][INFO] [2016-09-14 11:27:17] org.springframework.core.io.support.PropertiesLoaderSupport.loadProperties(172) | Loading properties file from file [D:\program\workspace\NightRead\management-parent\management-web\target\classes\mysql.properties]
[management][INFO] [2016-09-14 11:27:17] org.springframework.core.io.support.PropertiesLoaderSupport.loadProperties(172) | Loading properties file from file [D:\program\eclipse-nr\configuration\org.eclipse.osgi\362\0\.cp\plugin.properties]
[management][INFO] [2016-09-14 11:27:17] org.springframework.core.io.support.PropertiesLoaderSupport.loadProperties(172) | Loading properties file from file [D:\program\eclipse-nr\configuration\org.eclipse.osgi\361\0\.cp\plugin.properties]
[management][ERROR] [2016-09-14 11:27:18] com.alibaba.druid.pool.DruidAbstractDataSource.setMaxIdle(935) | maxIdle is deprecated
[management][INFO] [2016-09-14 11:27:18] com.alibaba.druid.pool.DruidDataSource.init(669) | {dataSource-1} inited
[management][INFO] [2016-09-14 11:27:18] org.springframework.core.io.support.PropertiesLoaderSupport.loadProperties(172) | Loading properties file from class path resource [config.properties]
[management][INFO] [2016-09-14 11:27:18] org.springframework.web.servlet.handler.AbstractHandlerMethodMapping$MappingRegistry.register(532) | Mapped "{[/user/inserUser]}" onto public org.springframework.web.servlet.ModelAndView com.rd.management.web.user.controller.UserAction.inserUser(javax.servlet.http.HttpServletRequest)
[management][INFO] [2016-09-14 11:27:18] org.springframework.web.servlet.handler.AbstractHandlerMethodMapping$MappingRegistry.register(532) | Mapped "{[/user/login]}" onto public org.springframework.web.servlet.ModelAndView com.rd.management.web.user.controller.UserAction.loginUser(javax.servlet.http.HttpServletRequest)
[management][INFO] [2016-09-14 11:27:18] org.springframework.web.servlet.handler.AbstractHandlerMethodMapping$MappingRegistry.register(532) | Mapped "{[/common/404]}" onto public org.springframework.web.servlet.ModelAndView com.rd.management.core.controller.CommonAction.inserUser(javax.servlet.http.HttpServletRequest)
[management][INFO] [2016-09-14 11:27:19] org.springframework.web.servlet.mvc.method.annotation.RequestMappingHandlerAdapter.initControllerAdviceCache(532) | Looking for @ControllerAdvice: org.springframework.context.support.GenericApplicationContext@580e781f: startup date [Wed Sep 14 11:27:17 CST 2016]; root of context hierarchy
[management][INFO] [2016-09-14 11:27:19] org.springframework.web.servlet.mvc.method.annotation.RequestMappingHandlerAdapter.initControllerAdviceCache(532) | Looking for @ControllerAdvice: org.springframework.context.support.GenericApplicationContext@580e781f: startup date [Wed Sep 14 11:27:17 CST 2016]; root of context hierarchy
[management][INFO] [2016-09-14 11:27:19] org.springframework.web.servlet.handler.AbstractUrlHandlerMapping.registerHandler(341) | Mapped URL path [/js/**] onto handler 'org.springframework.web.servlet.resource.ResourceHttpRequestHandler#0'
[management][INFO] [2016-09-14 11:27:19] org.springframework.web.servlet.handler.AbstractUrlHandlerMapping.registerHandler(341) | Mapped URL path [/css/**] onto handler 'org.springframework.web.servlet.resource.ResourceHttpRequestHandler#1'
[management][INFO] [2016-09-14 11:27:19] org.springframework.web.servlet.handler.AbstractUrlHandlerMapping.registerHandler(341) | Mapped URL path [/images/**] onto handler 'org.springframework.web.servlet.resource.ResourceHttpRequestHandler#2'
[management][INFO] [2016-09-14 11:27:19] org.springframework.web.servlet.handler.AbstractUrlHandlerMapping.registerHandler(341) | Mapped URL path [/fonts/**] onto handler 'org.springframework.web.servlet.resource.ResourceHttpRequestHandler#3'
[management][INFO] [2016-09-14 11:27:19] org.springframework.web.servlet.handler.AbstractUrlHandlerMapping.registerHandler(341) | Mapped URL path [/assets/**] onto handler 'org.springframework.web.servlet.resource.ResourceHttpRequestHandler#4'
[management][INFO] [2016-09-14 11:27:19] org.springframework.web.servlet.handler.AbstractUrlHandlerMapping.registerHandler(341) | Mapped URL path [/common/**] onto handler 'org.springframework.web.servlet.resource.ResourceHttpRequestHandler#5'
[management][INFO] [2016-09-14 11:27:20] com.rd.management.service.impl.admin.MasterSerivceImpl.insertMaster(20) | insert master result ===>>> Master [id=1, nickName=, password=password, trueName=null, birth=null, sex=0, phone=null, email=null, address=null, headImage=null, parentId=0, isLand=0, idFrozen=0, createTime=Wed Sep 14 11:27:19 CST 2016, updateTime=Wed Sep 14 11:27:19 CST 2016, remark=null]
[management][INFO] [2016-09-14 11:27:20] com.rd.management.test.daoTest.masterDaoTest(28) | masterDao result ===>>> 1
[management][INFO] [2016-09-14 11:27:20] org.springframework.context.support.AbstractApplicationContext.doClose(951) | Closing org.springframework.context.support.GenericApplicationContext@580e781f: startup date [Wed Sep 14 11:27:17 CST 2016]; root of context hierarchy
[management][INFO] [2016-09-14 11:27:20] com.alibaba.druid.pool.DruidDataSource.close(1385) | {dataSource-1} closed
[management][INFO] [2016-09-14 11:27:52] org.springframework.test.context.support.AbstractTestContextBootstrapper.getDefaultTestExecutionListenerClassNames(259) | Loaded default TestExecutionListener class names from location [META-INF/spring.factories]: [org.springframework.test.context.web.ServletTestExecutionListener, org.springframework.test.context.support.DirtiesContextBeforeModesTestExecutionListener, org.springframework.test.context.support.DependencyInjectionTestExecutionListener, org.springframework.test.context.support.DirtiesContextTestExecutionListener, org.springframework.test.context.transaction.TransactionalTestExecutionListener, org.springframework.test.context.jdbc.SqlScriptsTestExecutionListener]
[management][INFO] [2016-09-14 11:27:52] org.springframework.test.context.support.AbstractTestContextBootstrapper.getTestExecutionListeners(185) | Using TestExecutionListeners: [org.springframework.test.context.web.ServletTestExecutionListener@44319bc6, org.springframework.test.context.support.DirtiesContextBeforeModesTestExecutionListener@14ea0724, org.springframework.test.context.support.DependencyInjectionTestExecutionListener@107ad736, org.springframework.test.context.support.DirtiesContextTestExecutionListener@70c722ad, org.springframework.test.context.transaction.TransactionalTestExecutionListener@21b5c5b3, org.springframework.test.context.jdbc.SqlScriptsTestExecutionListener@24c67c0f]
[management][INFO] [2016-09-14 11:27:52] org.springframework.beans.factory.xml.XmlBeanDefinitionReader.loadBeanDefinitions(317) | Loading XML bean definitions from class path resource [spring-mvc.xml]
[management][INFO] [2016-09-14 11:27:52] org.springframework.beans.factory.xml.XmlBeanDefinitionReader.loadBeanDefinitions(317) | Loading XML bean definitions from class path resource [spring-mybatis.xml]
[management][INFO] [2016-09-14 11:27:53] org.springframework.beans.factory.xml.XmlBeanDefinitionReader.loadBeanDefinitions(317) | Loading XML bean definitions from class path resource [spring.xml]
[management][INFO] [2016-09-14 11:27:53] org.springframework.context.support.AbstractApplicationContext.prepareRefresh(573) | Refreshing org.springframework.context.support.GenericApplicationContext@1df06863: startup date [Wed Sep 14 11:27:53 CST 2016]; root of context hierarchy
[management][INFO] [2016-09-14 11:27:53] org.springframework.core.io.support.PropertiesLoaderSupport.loadProperties(172) | Loading properties file from file [D:\program\workspace\NightRead\management-parent\management-web\target\classes\config.properties]
[management][INFO] [2016-09-14 11:27:53] org.springframework.core.io.support.PropertiesLoaderSupport.loadProperties(172) | Loading properties file from file [D:\program\workspace\NightRead\management-parent\management-web\target\classes\log4j.properties]
[management][INFO] [2016-09-14 11:27:53] org.springframework.core.io.support.PropertiesLoaderSupport.loadProperties(172) | Loading properties file from file [D:\program\workspace\NightRead\management-parent\management-web\target\classes\mysql.properties]
[management][INFO] [2016-09-14 11:27:53] org.springframework.core.io.support.PropertiesLoaderSupport.loadProperties(172) | Loading properties file from file [D:\program\eclipse-nr\configuration\org.eclipse.osgi\362\0\.cp\plugin.properties]
[management][INFO] [2016-09-14 11:27:53] org.springframework.core.io.support.PropertiesLoaderSupport.loadProperties(172) | Loading properties file from file [D:\program\eclipse-nr\configuration\org.eclipse.osgi\361\0\.cp\plugin.properties]
[management][ERROR] [2016-09-14 11:27:53] com.alibaba.druid.pool.DruidAbstractDataSource.setMaxIdle(935) | maxIdle is deprecated
[management][INFO] [2016-09-14 11:27:53] com.alibaba.druid.pool.DruidDataSource.init(669) | {dataSource-1} inited
[management][INFO] [2016-09-14 11:27:54] org.springframework.core.io.support.PropertiesLoaderSupport.loadProperties(172) | Loading properties file from class path resource [config.properties]
[management][INFO] [2016-09-14 11:27:54] org.springframework.web.servlet.handler.AbstractHandlerMethodMapping$MappingRegistry.register(532) | Mapped "{[/user/inserUser]}" onto public org.springframework.web.servlet.ModelAndView com.rd.management.web.user.controller.UserAction.inserUser(javax.servlet.http.HttpServletRequest)
[management][INFO] [2016-09-14 11:27:54] org.springframework.web.servlet.handler.AbstractHandlerMethodMapping$MappingRegistry.register(532) | Mapped "{[/user/login]}" onto public org.springframework.web.servlet.ModelAndView com.rd.management.web.user.controller.UserAction.loginUser(javax.servlet.http.HttpServletRequest)
[management][INFO] [2016-09-14 11:27:54] org.springframework.web.servlet.handler.AbstractHandlerMethodMapping$MappingRegistry.register(532) | Mapped "{[/common/404]}" onto public org.springframework.web.servlet.ModelAndView com.rd.management.core.controller.CommonAction.inserUser(javax.servlet.http.HttpServletRequest)
[management][INFO] [2016-09-14 11:27:54] org.springframework.web.servlet.mvc.method.annotation.RequestMappingHandlerAdapter.initControllerAdviceCache(532) | Looking for @ControllerAdvice: org.springframework.context.support.GenericApplicationContext@1df06863: startup date [Wed Sep 14 11:27:53 CST 2016]; root of context hierarchy
[management][INFO] [2016-09-14 11:27:54] org.springframework.web.servlet.mvc.method.annotation.RequestMappingHandlerAdapter.initControllerAdviceCache(532) | Looking for @ControllerAdvice: org.springframework.context.support.GenericApplicationContext@1df06863: startup date [Wed Sep 14 11:27:53 CST 2016]; root of context hierarchy
[management][INFO] [2016-09-14 11:27:54] org.springframework.web.servlet.handler.AbstractUrlHandlerMapping.registerHandler(341) | Mapped URL path [/js/**] onto handler 'org.springframework.web.servlet.resource.ResourceHttpRequestHandler#0'
[management][INFO] [2016-09-14 11:27:54] org.springframework.web.servlet.handler.AbstractUrlHandlerMapping.registerHandler(341) | Mapped URL path [/css/**] onto handler 'org.springframework.web.servlet.resource.ResourceHttpRequestHandler#1'
[management][INFO] [2016-09-14 11:27:54] org.springframework.web.servlet.handler.AbstractUrlHandlerMapping.registerHandler(341) | Mapped URL path [/images/**] onto handler 'org.springframework.web.servlet.resource.ResourceHttpRequestHandler#2'
[management][INFO] [2016-09-14 11:27:54] org.springframework.web.servlet.handler.AbstractUrlHandlerMapping.registerHandler(341) | Mapped URL path [/fonts/**] onto handler 'org.springframework.web.servlet.resource.ResourceHttpRequestHandler#3'
[management][INFO] [2016-09-14 11:27:54] org.springframework.web.servlet.handler.AbstractUrlHandlerMapping.registerHandler(341) | Mapped URL path [/assets/**] onto handler 'org.springframework.web.servlet.resource.ResourceHttpRequestHandler#4'
[management][INFO] [2016-09-14 11:27:54] org.springframework.web.servlet.handler.AbstractUrlHandlerMapping.registerHandler(341) | Mapped URL path [/common/**] onto handler 'org.springframework.web.servlet.resource.ResourceHttpRequestHandler#5'
[management][INFO] [2016-09-14 11:27:55] com.rd.management.service.impl.admin.MasterSerivceImpl.insertMaster(20) | insert master result ===>>> Master [id=2, nickName=_002, password=password, trueName=null, birth=null, sex=0, phone=null, email=null, address=null, headImage=null, parentId=0, isLand=0, idFrozen=0, createTime=Wed Sep 14 11:27:54 CST 2016, updateTime=Wed Sep 14 11:27:54 CST 2016, remark=null]
[management][INFO] [2016-09-14 11:27:55] com.rd.management.test.daoTest.masterDaoTest(28) | masterDao result ===>>> 1
[management][INFO] [2016-09-14 11:27:55] org.springframework.context.support.AbstractApplicationContext.doClose(951) | Closing org.springframework.context.support.GenericApplicationContext@1df06863: startup date [Wed Sep 14 11:27:53 CST 2016]; root of context hierarchy
[management][INFO] [2016-09-14 11:27:55] com.alibaba.druid.pool.DruidDataSource.close(1385) | {dataSource-1} closed
[management][INFO] [2016-09-14 14:20:15] org.springframework.test.context.support.AbstractTestContextBootstrapper.getDefaultTestExecutionListenerClassNames(259) | Loaded default TestExecutionListener class names from location [META-INF/spring.factories]: [org.springframework.test.context.web.ServletTestExecutionListener, org.springframework.test.context.support.DirtiesContextBeforeModesTestExecutionListener, org.springframework.test.context.support.DependencyInjectionTestExecutionListener, org.springframework.test.context.support.DirtiesContextTestExecutionListener, org.springframework.test.context.transaction.TransactionalTestExecutionListener, org.springframework.test.context.jdbc.SqlScriptsTestExecutionListener]
[management][INFO] [2016-09-14 14:20:15] org.springframework.test.context.support.AbstractTestContextBootstrapper.getTestExecutionListeners(185) | Using TestExecutionListeners: [org.springframework.test.context.web.ServletTestExecutionListener@43262d8c, org.springframework.test.context.support.DirtiesContextBeforeModesTestExecutionListener@7f7864c4, org.springframework.test.context.support.DependencyInjectionTestExecutionListener@391fc13d, org.springframework.test.context.support.DirtiesContextTestExecutionListener@53c7a917, org.springframework.test.context.transaction.TransactionalTestExecutionListener@592e4ff9, org.springframework.test.context.jdbc.SqlScriptsTestExecutionListener@6f84922c]
[management][INFO] [2016-09-14 14:20:15] org.springframework.beans.factory.xml.XmlBeanDefinitionReader.loadBeanDefinitions(317) | Loading XML bean definitions from class path resource [spring-mvc.xml]
[management][INFO] [2016-09-14 14:20:15] org.springframework.beans.factory.xml.XmlBeanDefinitionReader.loadBeanDefinitions(317) | Loading XML bean definitions from class path resource [spring-mybatis.xml]
[management][INFO] [2016-09-14 14:20:15] org.springframework.beans.factory.xml.XmlBeanDefinitionReader.loadBeanDefinitions(317) | Loading XML bean definitions from class path resource [spring.xml]
[management][INFO] [2016-09-14 14:20:15] org.springframework.context.support.AbstractApplicationContext.prepareRefresh(573) | Refreshing org.springframework.context.support.GenericApplicationContext@42e6bc11: startup date [Wed Sep 14 14:20:15 CST 2016]; root of context hierarchy
[management][INFO] [2016-09-14 14:20:16] org.springframework.core.io.support.PropertiesLoaderSupport.loadProperties(172) | Loading properties file from file [D:\program\workspace\NightRead\management-parent\management-web\target\classes\config.properties]
[management][INFO] [2016-09-14 14:20:16] org.springframework.core.io.support.PropertiesLoaderSupport.loadProperties(172) | Loading properties file from file [D:\program\workspace\NightRead\management-parent\management-web\target\classes\log4j.properties]
[management][INFO] [2016-09-14 14:20:16] org.springframework.core.io.support.PropertiesLoaderSupport.loadProperties(172) | Loading properties file from file [D:\program\workspace\NightRead\management-parent\management-web\target\classes\mysql.properties]
[management][INFO] [2016-09-14 14:20:16] org.springframework.core.io.support.PropertiesLoaderSupport.loadProperties(172) | Loading properties file from file [D:\program\eclipse-nr\configuration\org.eclipse.osgi\362\0\.cp\plugin.properties]
[management][INFO] [2016-09-14 14:20:16] org.springframework.core.io.support.PropertiesLoaderSupport.loadProperties(172) | Loading properties file from file [D:\program\eclipse-nr\configuration\org.eclipse.osgi\361\0\.cp\plugin.properties]
[management][ERROR] [2016-09-14 14:20:16] com.alibaba.druid.pool.DruidAbstractDataSource.setMaxIdle(935) | maxIdle is deprecated
[management][INFO] [2016-09-14 14:20:16] com.alibaba.druid.pool.DruidDataSource.init(669) | {dataSource-1} inited
[management][INFO] [2016-09-14 14:20:16] org.springframework.core.io.support.PropertiesLoaderSupport.loadProperties(172) | Loading properties file from class path resource [config.properties]
[management][INFO] [2016-09-14 14:20:17] org.springframework.web.servlet.handler.AbstractHandlerMethodMapping$MappingRegistry.register(532) | Mapped "{[/user/inserUser]}" onto public org.springframework.web.servlet.ModelAndView com.rd.management.web.user.controller.UserAction.inserUser(javax.servlet.http.HttpServletRequest)
[management][INFO] [2016-09-14 14:20:17] org.springframework.web.servlet.handler.AbstractHandlerMethodMapping$MappingRegistry.register(532) | Mapped "{[/user/login]}" onto public org.springframework.web.servlet.ModelAndView com.rd.management.web.user.controller.UserAction.loginUser(javax.servlet.http.HttpServletRequest)
[management][INFO] [2016-09-14 14:20:17] org.springframework.web.servlet.handler.AbstractHandlerMethodMapping$MappingRegistry.register(532) | Mapped "{[/common/404]}" onto public org.springframework.web.servlet.ModelAndView com.rd.management.core.controller.CommonAction.inserUser(javax.servlet.http.HttpServletRequest)
[management][INFO] [2016-09-14 14:20:17] org.springframework.web.servlet.mvc.method.annotation.RequestMappingHandlerAdapter.initControllerAdviceCache(532) | Looking for @ControllerAdvice: org.springframework.context.support.GenericApplicationContext@42e6bc11: startup date [Wed Sep 14 14:20:15 CST 2016]; root of context hierarchy
[management][INFO] [2016-09-14 14:20:17] org.springframework.web.servlet.mvc.method.annotation.RequestMappingHandlerAdapter.initControllerAdviceCache(532) | Looking for @ControllerAdvice: org.springframework.context.support.GenericApplicationContext@42e6bc11: startup date [Wed Sep 14 14:20:15 CST 2016]; root of context hierarchy
[management][INFO] [2016-09-14 14:20:17] org.springframework.web.servlet.handler.AbstractUrlHandlerMapping.registerHandler(341) | Mapped URL path [/js/**] onto handler 'org.springframework.web.servlet.resource.ResourceHttpRequestHandler#0'
[management][INFO] [2016-09-14 14:20:17] org.springframework.web.servlet.handler.AbstractUrlHandlerMapping.registerHandler(341) | Mapped URL path [/css/**] onto handler 'org.springframework.web.servlet.resource.ResourceHttpRequestHandler#1'
[management][INFO] [2016-09-14 14:20:17] org.springframework.web.servlet.handler.AbstractUrlHandlerMapping.registerHandler(341) | Mapped URL path [/images/**] onto handler 'org.springframework.web.servlet.resource.ResourceHttpRequestHandler#2'
[management][INFO] [2016-09-14 14:20:17] org.springframework.web.servlet.handler.AbstractUrlHandlerMapping.registerHandler(341) | Mapped URL path [/fonts/**] onto handler 'org.springframework.web.servlet.resource.ResourceHttpRequestHandler#3'
[management][INFO] [2016-09-14 14:20:17] org.springframework.web.servlet.handler.AbstractUrlHandlerMapping.registerHandler(341) | Mapped URL path [/assets/**] onto handler 'org.springframework.web.servlet.resource.ResourceHttpRequestHandler#4'
[management][INFO] [2016-09-14 14:20:17] org.springframework.web.servlet.handler.AbstractUrlHandlerMapping.registerHandler(341) | Mapped URL path [/common/**] onto handler 'org.springframework.web.servlet.resource.ResourceHttpRequestHandler#5'
[management][INFO] [2016-09-14 14:20:18] com.rd.management.service.impl.admin.MasterSerivceImpl.insertMaster(23) | insert master result ===>>> Master [id=3, nickName=_003, password=password, trueName=null, birth=null, sex=0, phone=null, email=null, address=null, headImage=null, parentId=0, isLand=0, idFrozen=0, createTime=Wed Sep 14 14:20:17 CST 2016, updateTime=Wed Sep 14 14:20:17 CST 2016, remark=null]
[management][INFO] [2016-09-14 14:20:18] com.rd.management.test.daoTest.masterDaoTest(29) | masterDao result ===>>> 3
[management][INFO] [2016-09-14 14:20:18] org.springframework.context.support.AbstractApplicationContext.doClose(951) | Closing org.springframework.context.support.GenericApplicationContext@42e6bc11: startup date [Wed Sep 14 14:20:15 CST 2016]; root of context hierarchy
[management][INFO] [2016-09-14 14:20:18] com.alibaba.druid.pool.DruidDataSource.close(1385) | {dataSource-1} closed
[management][INFO] [2016-09-14 14:53:35] org.springframework.test.context.support.AbstractTestContextBootstrapper.getDefaultTestExecutionListenerClassNames(259) | Loaded default TestExecutionListener class names from location [META-INF/spring.factories]: [org.springframework.test.context.web.ServletTestExecutionListener, org.springframework.test.context.support.DirtiesContextBeforeModesTestExecutionListener, org.springframework.test.context.support.DependencyInjectionTestExecutionListener, org.springframework.test.context.support.DirtiesContextTestExecutionListener, org.springframework.test.context.transaction.TransactionalTestExecutionListener, org.springframework.test.context.jdbc.SqlScriptsTestExecutionListener]
[management][INFO] [2016-09-14 14:53:35] org.springframework.test.context.support.AbstractTestContextBootstrapper.getTestExecutionListeners(185) | Using TestExecutionListeners: [org.springframework.test.context.web.ServletTestExecutionListener@53c7a917, org.springframework.test.context.support.DirtiesContextBeforeModesTestExecutionListener@592e4ff9, org.springframework.test.context.support.DependencyInjectionTestExecutionListener@6f84922c, org.springframework.test.context.support.DirtiesContextTestExecutionListener@6898bfe6, org.springframework.test.context.transaction.TransactionalTestExecutionListener@45ecab0, org.springframework.test.context.jdbc.SqlScriptsTestExecutionListener@6b4ceb0d]
[management][INFO] [2016-09-14 14:53:36] org.springframework.beans.factory.xml.XmlBeanDefinitionReader.loadBeanDefinitions(317) | Loading XML bean definitions from class path resource [spring-mvc.xml]
[management][INFO] [2016-09-14 14:53:36] org.springframework.beans.factory.xml.XmlBeanDefinitionReader.loadBeanDefinitions(317) | Loading XML bean definitions from class path resource [spring-mybatis.xml]
[management][INFO] [2016-09-14 14:53:36] org.springframework.beans.factory.xml.XmlBeanDefinitionReader.loadBeanDefinitions(317) | Loading XML bean definitions from class path resource [spring.xml]
[management][INFO] [2016-09-14 14:53:36] org.springframework.context.support.AbstractApplicationContext.prepareRefresh(573) | Refreshing org.springframework.context.support.GenericApplicationContext@10d5b614: startup date [Wed Sep 14 14:53:36 CST 2016]; root of context hierarchy
[management][INFO] [2016-09-14 14:53:36] org.springframework.core.io.support.PropertiesLoaderSupport.loadProperties(172) | Loading properties file from file [D:\program\workspace\NightRead\management-parent\management-web\target\classes\config.properties]
[management][INFO] [2016-09-14 14:53:36] org.springframework.core.io.support.PropertiesLoaderSupport.loadProperties(172) | Loading properties file from file [D:\program\workspace\NightRead\management-parent\management-web\target\classes\log4j.properties]
[management][INFO] [2016-09-14 14:53:36] org.springframework.core.io.support.PropertiesLoaderSupport.loadProperties(172) | Loading properties file from file [D:\program\workspace\NightRead\management-parent\management-web\target\classes\mysql.properties]
[management][INFO] [2016-09-14 14:53:36] org.springframework.core.io.support.PropertiesLoaderSupport.loadProperties(172) | Loading properties file from file [D:\program\eclipse-nr\configuration\org.eclipse.osgi\362\0\.cp\plugin.properties]
[management][INFO] [2016-09-14 14:53:36] org.springframework.core.io.support.PropertiesLoaderSupport.loadProperties(172) | Loading properties file from file [D:\program\eclipse-nr\configuration\org.eclipse.osgi\361\0\.cp\plugin.properties]
[management][ERROR] [2016-09-14 14:53:36] com.alibaba.druid.pool.DruidAbstractDataSource.setMaxIdle(935) | maxIdle is deprecated
[management][INFO] [2016-09-14 14:53:37] com.alibaba.druid.pool.DruidDataSource.init(669) | {dataSource-1} inited
[management][INFO] [2016-09-14 14:53:37] org.springframework.core.io.support.PropertiesLoaderSupport.loadProperties(172) | Loading properties file from class path resource [config.properties]
[management][INFO] [2016-09-14 14:53:37] org.springframework.web.servlet.handler.AbstractHandlerMethodMapping$MappingRegistry.register(532) | Mapped "{[/user/inserUser]}" onto public org.springframework.web.servlet.ModelAndView com.rd.management.web.user.controller.UserAction.inserUser(javax.servlet.http.HttpServletRequest)
[management][INFO] [2016-09-14 14:53:37] org.springframework.web.servlet.handler.AbstractHandlerMethodMapping$MappingRegistry.register(532) | Mapped "{[/user/login]}" onto public org.springframework.web.servlet.ModelAndView com.rd.management.web.user.controller.UserAction.loginUser(javax.servlet.http.HttpServletRequest)
[management][INFO] [2016-09-14 14:53:37] org.springframework.web.servlet.handler.AbstractHandlerMethodMapping$MappingRegistry.register(532) | Mapped "{[/common/404]}" onto public org.springframework.web.servlet.ModelAndView com.rd.management.core.controller.CommonAction.inserUser(javax.servlet.http.HttpServletRequest)
[management][INFO] [2016-09-14 14:53:37] org.springframework.web.servlet.mvc.method.annotation.RequestMappingHandlerAdapter.initControllerAdviceCache(532) | Looking for @ControllerAdvice: org.springframework.context.support.GenericApplicationContext@10d5b614: startup date [Wed Sep 14 14:53:36 CST 2016]; root of context hierarchy
[management][INFO] [2016-09-14 14:53:37] org.springframework.web.servlet.mvc.method.annotation.RequestMappingHandlerAdapter.initControllerAdviceCache(532) | Looking for @ControllerAdvice: org.springframework.context.support.GenericApplicationContext@10d5b614: startup date [Wed Sep 14 14:53:36 CST 2016]; root of context hierarchy
[management][INFO] [2016-09-14 14:53:38] org.springframework.web.servlet.handler.AbstractUrlHandlerMapping.registerHandler(341) | Mapped URL path [/js/**] onto handler 'org.springframework.web.servlet.resource.ResourceHttpRequestHandler#0'
[management][INFO] [2016-09-14 14:53:38] org.springframework.web.servlet.handler.AbstractUrlHandlerMapping.registerHandler(341) | Mapped URL path [/css/**] onto handler 'org.springframework.web.servlet.resource.ResourceHttpRequestHandler#1'
[management][INFO] [2016-09-14 14:53:38] org.springframework.web.servlet.handler.AbstractUrlHandlerMapping.registerHandler(341) | Mapped URL path [/images/**] onto handler 'org.springframework.web.servlet.resource.ResourceHttpRequestHandler#2'
[management][INFO] [2016-09-14 14:53:38] org.springframework.web.servlet.handler.AbstractUrlHandlerMapping.registerHandler(341) | Mapped URL path [/fonts/**] onto handler 'org.springframework.web.servlet.resource.ResourceHttpRequestHandler#3'
[management][INFO] [2016-09-14 14:53:38] org.springframework.web.servlet.handler.AbstractUrlHandlerMapping.registerHandler(341) | Mapped URL path [/assets/**] onto handler 'org.springframework.web.servlet.resource.ResourceHttpRequestHandler#4'
[management][INFO] [2016-09-14 14:53:38] org.springframework.web.servlet.handler.AbstractUrlHandlerMapping.registerHandler(341) | Mapped URL path [/common/**] onto handler 'org.springframework.web.servlet.resource.ResourceHttpRequestHandler#5'
[management][INFO] [2016-09-14 14:53:38] com.rd.management.service.impl.admin.MasterSerivceImpl.insertMaster(23) | insert master result ===>>> Master [id=4, nickName=_004, password=password, trueName=null, birth=null, sex=null, phone=null, email=null, address=null, headImage=null, parentId=null, isLand=null, idFrozen=null, createTime=Wed Sep 14 14:53:38 CST 2016, updateTime=Wed Sep 14 14:53:38 CST 2016, remark=null]
[management][INFO] [2016-09-14 14:53:38] com.rd.management.test.daoTest.masterDaoTest(29) | masterDao result ===>>> 4
[management][INFO] [2016-09-14 14:53:38] org.springframework.context.support.AbstractApplicationContext.doClose(951) | Closing org.springframework.context.support.GenericApplicationContext@10d5b614: startup date [Wed Sep 14 14:53:36 CST 2016]; root of context hierarchy
[management][INFO] [2016-09-14 14:53:38] com.alibaba.druid.pool.DruidDataSource.close(1385) | {dataSource-1} closed
